<?xml version="1.0" encoding="UTF-8"?>
<testng-results ignored="0" total="1" passed="1" failed="0" skipped="0">
  <reporter-output>
  </reporter-output>
  <suite started-at="2023-10-25T13:48:59 GMT" name="testing" finished-at="2023-10-25T13:49:12 GMT" duration-ms="13403">
    <groups>
    </groups>
    <test started-at="2023-10-25T13:48:59 GMT" name="Test" finished-at="2023-10-25T13:49:12 GMT" duration-ms="13403">
      <class name="testingtestng.googlepage">
        <test-method signature="search()[pri:0, instance:testingtestng.googlepage@2cd2a21f]" started-at="2023-10-25T13:48:59 GMT" name="search" finished-at="2023-10-25T13:49:12 GMT" duration-ms="13355" status="PASS">
          <reporter-output>
          </reporter-output>
        </test-method> <!-- search -->
      </class> <!-- testingtestng.googlepage -->
    </test> <!-- Test -->
  </suite> <!-- testing -->
</testng-results>
